2025-10-18 20:52:14,757 - INFO - Рассчитываем скорость вентилятора для температуры: 22.0°C
2025-10-18 20:52:32,438 - INFO - Рассчитываем 5 итераций для варианта: 1
2025-10-18 20:53:56,209 - INFO - Рассчитываем скорость вентилятора для температуры: 22.0°C
2025-10-18 20:53:59,825 - INFO - Рассчитываем 5 итераций для варианта: 1
2025-10-18 21:05:25,977 - INFO - Рассчитываем скорость вентилятора для температуры: 22.0°C
2025-10-18 21:05:44,137 - INFO - Рассчитываем 5 итераций для варианта: 1
2025-10-18 21:06:48,905 - INFO - Рассчитываем скорость вентилятора для температуры: 22.0°C
2025-10-18 21:06:49,809 - INFO - Рассчитываем скорость вентилятора для температуры: 22.0°C
2025-10-18 21:06:50,933 - INFO - Рассчитываем скорость вентилятора для температуры: 22.0°C
2025-10-18 21:06:51,973 - INFO - Рассчитываем скорость вентилятора для температуры: 22.0°C
2025-10-18 21:06:54,130 - INFO - Рассчитываем скорость вентилятора для температуры: 22.0°C
2025-10-18 21:06:55,027 - INFO - Рассчитываем скорость вентилятора для температуры: 22.0°C
2025-10-18 21:06:55,965 - INFO - Рассчитываем скорость вентилятора для температуры: 22.0°C
2025-10-18 21:06:57,117 - INFO - Рассчитываем скорость вентилятора для температуры: 22.0°C
2025-10-18 21:06:58,253 - INFO - Рассчитываем 5 итераций для варианта: 1
2025-10-18 21:09:33,846 - ERROR - Ошибка при расчете скорости вентилятора: expected floating-point number but got "ф"
2025-10-18 21:09:36,892 - ERROR - Ошибка при расчете скорости вентилятора: expected floating-point number but got "ф"
2025-10-18 21:09:44,657 - ERROR - Ошибка при расчете скорости вентилятора: expected floating-point number but got "22,0"
2025-10-18 21:09:55,433 - INFO - Рассчитываем скорость вентилятора для температуры: 22.0°C
2025-10-18 21:10:07,022 - ERROR - Ошибка при расчете итераций: expected floating-point number but got "ф"
2025-10-18 21:10:10,521 - INFO - Рассчитываем 5 итераций для варианта: 1
2025-10-18 21:21:02,103 - INFO - Программа запущена
2025-10-18 21:21:13,282 - INFO - Рассчитываем скорость вентилятора для температуры: 22.0°C
2025-10-18 21:21:27,905 - INFO - Рассчитываем 5 итераций для варианта: 1
2025-10-18 21:21:40,458 - INFO - Открыто окно настроек правил
2025-10-18 21:21:55,973 - INFO - Открыта справка
2025-10-18 21:22:05,721 - INFO - Темная тема применена
2025-10-18 21:22:07,665 - INFO - Светлая тема применена
2025-10-18 21:22:11,085 - INFO - Журнал очищен
2025-10-18 21:33:12,082 - INFO - Программа запущена
2025-10-18 21:33:25,666 - INFO - Рассчитываем скорость вентилятора для температуры: 22.0°C
2025-10-18 21:34:01,926 - INFO - Открыта справка
2025-10-18 21:34:08,853 - INFO - Рассчитываем 5 итераций для варианта: 1
2025-10-18 21:34:25,305 - INFO - Журнал очищен
2025-10-18 21:48:45,647 - INFO - Программа запущена
2025-10-18 21:48:49,414 - INFO - Рассчитываем скорость вентилятора для температуры: 22.0°C
2025-10-18 21:49:09,481 - INFO - Рассчитываем 5 итераций для варианта: 1
2025-10-18 21:49:20,401 - INFO - Открыто окно настроек правил
2025-10-18 21:49:30,086 - INFO - Открыта справка
2025-10-18 21:49:39,025 - INFO - Темная тема применена
2025-10-18 21:49:41,773 - INFO - Светлая тема применена
2025-10-18 21:49:49,081 - INFO - Рассчитываем скорость вентилятора для температуры: 22.0°C
2025-10-18 21:49:55,889 - INFO - Рассчитываем 5 итераций для варианта: 1
2025-10-18 21:50:03,273 - INFO - Журнал очищен
2025-10-19 20:22:36,973 - INFO - Программа запущена
2025-10-19 20:22:40,515 - INFO - Рассчитываем скорость вентилятора для температуры: 22.0°C
2025-10-19 20:22:43,774 - INFO - Рассчитываем 5 итераций для варианта: 1
2025-10-19 20:22:52,319 - INFO - Журнал очищен
2025-10-19 20:22:54,370 - INFO - Журнал очищен
2025-10-19 20:22:55,090 - INFO - Журнал очищен
2025-10-19 22:39:03,774 - INFO - Программа запущена
